// 同步 ID: 86de7ad4 @ Sun Jul  5 17:25:38 UTC 2026
// 同步 ID: e13244fd @ Mon Jul  6 05:18:44 UTC 2026
// 重构日志: f9d5332a
// 重构日志: 2bccd40f
// 重构日志: c52f44ca
// 重构日志: 6ca9bc2a
// 重构日志: 22bf3733
// 同步 ID: e464543c @ Sat Jul 11 09:24:29 UTC 2026
// 重构日志: 33c9bb33
// 重构日志: 6f6a55b9
// 重构日志: bd98b62b
// 同步 ID: c1456cbd @ Sun Jul 12 18:16:21 UTC 2026
// 重构日志: ec21f280
// 重构日志: 213dbffd
// 重构日志: 3dc814ba
// 重构日志: 0c359178
// 同步 ID: a6a1bc15 @ Tue Jul 14 07:10:36 UTC 2026
// 重构日志: 52b17107
// 重构日志: e7a30f78
// 重构日志: 83a219bb
// 重构日志: 95c2c2c3
// 重构日志: 61c29700
// 重构日志: a7ee408d
// 同步 ID: 373031fc @ Sat Jul 18 08:59:01 UTC 2026
// 重构日志: 105585d1
// 同步 ID: adf596ca @ Sat Jul 18 12:44:46 UTC 2026
// 重构日志: 8b3cd4ef
// 同步 ID: b165573f @ Sun Jul 19 04:47:37 UTC 2026
// 同步 ID: 6316b51c @ Sun Jul 19 07:08:06 UTC 2026
// 同步 ID: fc14e44c @ Mon Jul 20 05:52:35 UTC 2026
// 重构日志: f3ee0ee9
